#
# There is insufficient memory for the Java Runtime Environment to continue.
# Native memory allocation (mmap) failed to map 264241152 bytes. Error detail: G1 virtual space
# Possible reasons:
#   The system is out of physical RAM or swap space
#   This process is running with CompressedOops enabled, and the Java Heap may be blocking the growth of the native heap
# Possible solutions:
#   Reduce memory load on the system
#   Increase physical memory or swap space
#   Check if swap backing store is full
#   Decrease Java heap size (-Xmx/-Xms)
#   Decrease number of Java threads
#   Decrease Java thread stack sizes (-Xss)
#   Set larger code cache with -XX:ReservedCodeCacheSize=
#   JVM is running with Zero Based Compressed Oops mode in which the Java heap is
#     placed in the first 32GB address space. The Java Heap base address is the
#     maximum limit for the native heap growth. Please use -XX:HeapBaseMinAddress
#     to set the Java Heap base and to place the Java Heap above 32GB virtual address.
# This output file may be truncated or incomplete.
#
#  Out of Memory Error (os_windows.cpp:3703), pid=8608, tid=30428
#
# JRE version:  (23.0.1+11) (build )
# Java VM: Java HotSpot(TM) 64-Bit Server VM (23.0.1+11-39, mixed mode, sharing, tiered, compressed oops, compressed class ptrs, g1 gc, windows-amd64)
# No core dump will be written. Minidumps are not enabled by default on client versions of Windows
#

---------------  S U M M A R Y ------------

Command Line: C:\Users\Sebas\AppData\Local\Temp\surefire2195970813386374804\surefirebooter-20250512181035059_3.jar C:\Users\Sebas\AppData\Local\Temp\surefire2195970813386374804 2025-05-12T18-10-34_927-jvmRun1 surefire-20250512181035059_1tmp surefire_0-20250512181035059_2tmp

Host: 12th Gen Intel(R) Core(TM) i7-12650H, 16 cores, 15G,  Windows 11 , 64 bit Build 26100 (10.0.26100.3775)
Time: Mon May 12 18:10:36 2025 Mountain Standard Time (Mexico) elapsed time: 1.201619 seconds (0d 0h 0m 1s)

---------------  T H R E A D  ---------------

Current thread (0x000001e060b345d0):  JavaThread "Unknown thread" [_thread_in_vm, id=30428, stack(0x0000008869100000,0x0000008869200000) (1024K)]

Stack: [0x0000008869100000,0x0000008869200000]
Native frames: (J=compiled Java code, j=interpreted, Vv=VM code, C=native code)
V  [jvm.dll+0x6e08b9]  (no source info available)
V  [jvm.dll+0x87dc83]  (no source info available)
V  [jvm.dll+0x88010e]  (no source info available)
V  [jvm.dll+0x8807e3]  (no source info available)
V  [jvm.dll+0x27aee6]  (no source info available)
V  [jvm.dll+0x6dd1c5]  (no source info available)
V  [jvm.dll+0x6d104a]  (no source info available)
V  [jvm.dll+0x35b3ea]  (no source info available)
V  [jvm.dll+0x3637f6]  (no source info available)
V  [jvm.dll+0x34fd5e]  (no source info available)
V  [jvm.dll+0x34fff8]  (no source info available)
V  [jvm.dll+0x3289cc]  (no source info available)
V  [jvm.dll+0x32966e]  (no source info available)
V  [jvm.dll+0x844355]  (no source info available)
V  [jvm.dll+0x3b9848]  (no source info available)
V  [jvm.dll+0x82d14c]  (no source info available)
V  [jvm.dll+0x454d4e]  (no source info available)
V  [jvm.dll+0x456bd1]  (no source info available)
C  [jli.dll+0x52a3]  (no source info available)
C  [ucrtbase.dll+0x37b0]  (no source info available)
C  [KERNEL32.DLL+0x2e8d7]  (no source info available)
C  [ntdll.dll+0xb14fc]  (no source info available)

Lock stack of current Java thread (top to bottom):


---------------  P R O C E S S  ---------------

Threads class SMR info:
_java_thread_list=0x00007ffc45023618, length=0, elements={
}

Java Threads: ( => current thread )
Total: 0

Other Threads:
  0x000001e062f74c80 WorkerThread "GC Thread#0"                     [id=13988, stack(0x0000008869200000,0x0000008869300000) (1024K)]
  0x000001e062f89560 ConcurrentGCThread "G1 Main Marker"            [id=29484, stack(0x0000008869300000,0x0000008869400000) (1024K)]
  0x000001e062f89f80 WorkerThread "G1 Conc#0"                       [id=29984, stack(0x0000008869400000,0x0000008869500000) (1024K)]

[error occurred during error reporting (printing all threads), id 0xc0000005, EXCEPTION_ACCESS_VIOLATION (0xc0000005) at pc=0x00007ffc4476bfba]
VM state: not at safepoint (not fully initialized)

VM Mutex/Monitor currently owned by a thread:  ([mutex/lock_event])
[0x00007ffc450a3a10] Heap_lock - owner thread: 0x000001e060b345d0

Heap address: 0x0000000705200000, size: 4014 MB, Compressed Oops mode: Zero based, Oop shift amount: 3

CDS archive(s) mapped at: [0x0000000000000000-0x0000000000000000-0x0000000000000000), size 0, SharedBaseAddress: 0x0000000800000000, ArchiveRelocationMode: 1.
Narrow klass base: 0x0000000000000000, Narrow klass shift: 0, Narrow klass range: 0x0

GC Precious Log:
 CardTable entry size: 512
 Card Set container configuration: InlinePtr #cards 4 size 8 Array Of Cards #cards 16 size 48 Howl #buckets 8 coarsen threshold 3686 Howl Bitmap #cards 512 size 80 coarsen threshold 460 Card regions per heap region 1 cards per card region 4096

Heap:
 garbage-first heap   total reserved 4110336K, committed 0K, used 0K [0x0000000705200000, 0x0000000800000000)
  region size 2048K, 0 young (0K), 0 survivors (0K)

[error occurred during error reporting (printing heap information), id 0xc0000005, EXCEPTION_ACCESS_VIOLATION (0xc0000005) at pc=0x00007ffc44b6c3c9]
GC Heap History (0 events):
No events

Dll operation events (1 events):
Event: 0.008 Loaded shared library C:\Program Files\Java\jdk-23\bin\java.dll

Deoptimization events (0 events):
No events

Classes loaded (0 events):
No events

Classes unloaded (0 events):
No events

Classes redefined (0 events):
No events

Internal exceptions (0 events):
No events

VM Operations (0 events):
No events

Memory protections (0 events):
No events

Nmethod flushes (0 events):
No events

Events (0 events):
No events


Dynamic libraries:
0x00007ff7b6a90000 - 0x00007ff7b6aa0000 	C:\Program Files\Java\jdk-23\bin\java.exe
0x00007ffcecda0000 - 0x00007ffced000000 	C:\WINDOWS\SYSTEM32\ntdll.dll
0x00007ffcec170000 - 0x00007ffcec237000 	C:\WINDOWS\System32\KERNEL32.DLL
0x00007ffcea1c0000 - 0x00007ffcea58a000 	C:\WINDOWS\System32\KERNELBASE.dll
0x00007ffcea650000 - 0x00007ffcea79b000 	C:\WINDOWS\System32\ucrtbase.dll
0x00007ffcc5650000 - 0x00007ffcc5667000 	C:\Program Files\Java\jdk-23\bin\jli.dll
0x00007ffceade0000 - 0x00007ffceafac000 	C:\WINDOWS\System32\USER32.dll
0x00007ffcc6c70000 - 0x00007ffcc6c8b000 	C:\Program Files\Java\jdk-23\bin\VCRUNTIME140.dll
0x00007ffcea0f0000 - 0x00007ffcea117000 	C:\WINDOWS\System32\win32u.dll
0x00007ffcc4250000 - 0x00007ffcc44e7000 	C:\WINDOWS\WinSxS\amd64_microsoft.windows.common-controls_6595b64144ccf1df_6.0.26100.3624_none_3e086962e3345f24\COMCTL32.dll
0x00007ffcec090000 - 0x00007ffcec0ba000 	C:\WINDOWS\System32\GDI32.dll
0x00007ffceccb0000 - 0x00007ffcecd59000 	C:\WINDOWS\System32\msvcrt.dll
0x00007ffcea9d0000 - 0x00007ffceab01000 	C:\WINDOWS\System32\gdi32full.dll
0x00007ffcea7a0000 - 0x00007ffcea843000 	C:\WINDOWS\System32\msvcp_win.dll
0x00007ffceb9b0000 - 0x00007ffceb9df000 	C:\WINDOWS\System32\IMM32.DLL
0x00007ffcd78c0000 - 0x00007ffcd78cc000 	C:\Program Files\Java\jdk-23\bin\vcruntime140_1.dll
0x00007ffca5370000 - 0x00007ffca53fe000 	C:\Program Files\Java\jdk-23\bin\msvcp140.dll
0x00007ffc44430000 - 0x00007ffc4517f000 	C:\Program Files\Java\jdk-23\bin\server\jvm.dll
0x00007ffceafd0000 - 0x00007ffceb082000 	C:\WINDOWS\System32\ADVAPI32.dll
0x00007ffcec0c0000 - 0x00007ffcec166000 	C:\WINDOWS\System32\sechost.dll
0x00007ffceacc0000 - 0x00007ffceadd6000 	C:\WINDOWS\System32\RPCRT4.dll
0x00007ffcec240000 - 0x00007ffcec2b4000 	C:\WINDOWS\System32\WS2_32.dll
0x00007ffce8bf0000 - 0x00007ffce8c4e000 	C:\WINDOWS\SYSTEM32\POWRPROF.dll
0x00007ffcddbc0000 - 0x00007ffcddbf6000 	C:\WINDOWS\SYSTEM32\WINMM.dll
0x00007ffcddc30000 - 0x00007ffcddc3b000 	C:\WINDOWS\SYSTEM32\VERSION.dll
0x00007ffce8bd0000 - 0x00007ffce8be4000 	C:\WINDOWS\SYSTEM32\UMPDC.dll
0x00007ffce8eb0000 - 0x00007ffce8eca000 	C:\WINDOWS\SYSTEM32\kernel.appcore.dll
0x00007ffcd6570000 - 0x00007ffcd657a000 	C:\Program Files\Java\jdk-23\bin\jimage.dll
0x00007ffce7630000 - 0x00007ffce7871000 	C:\WINDOWS\SYSTEM32\DBGHELP.DLL
0x00007ffcec2c0000 - 0x00007ffcec642000 	C:\WINDOWS\System32\combase.dll
0x00007ffcec810000 - 0x00007ffcec8e6000 	C:\WINDOWS\System32\OLEAUT32.dll
0x00007ffcbd180000 - 0x00007ffcbd1b9000 	C:\WINDOWS\SYSTEM32\dbgcore.DLL
0x00007ffcea120000 - 0x00007ffcea1b9000 	C:\WINDOWS\System32\bcryptPrimitives.dll
0x00007ffcc5630000 - 0x00007ffcc564e000 	C:\Program Files\Java\jdk-23\bin\java.dll
0x00007ffcebef0000 - 0x00007ffcec086000 	C:\WINDOWS\System32\ole32.dll
0x00007ffceb180000 - 0x00007ffceb8a9000 	C:\WINDOWS\System32\SHELL32.dll
0x00007ffce9f80000 - 0x00007ffcea0e8000 	C:\WINDOWS\System32\wintypes.dll

dbghelp: loaded successfully - version: 4.0.5 - missing functions: none
symbol engine: initialized successfully - sym options: 0x614 - pdb path: .;C:\Program Files\Java\jdk-23\bin;C:\WINDOWS\SYSTEM32;C:\WINDOWS\WinSxS\amd64_microsoft.windows.common-controls_6595b64144ccf1df_6.0.26100.3624_none_3e086962e3345f24;C:\Program Files\Java\jdk-23\bin\server

VM Arguments:
java_command: C:\Users\Sebas\AppData\Local\Temp\surefire2195970813386374804\surefirebooter-20250512181035059_3.jar C:\Users\Sebas\AppData\Local\Temp\surefire2195970813386374804 2025-05-12T18-10-34_927-jvmRun1 surefire-20250512181035059_1tmp surefire_0-20250512181035059_2tmp
java_class_path (initial): C:\Users\Sebas\AppData\Local\Temp\surefire2195970813386374804\surefirebooter-20250512181035059_3.jar
Launcher Type: SUN_STANDARD

[Global flags]
     intx CICompilerCount                          = 12                                        {product} {ergonomic}
     uint ConcGCThreads                            = 3                                         {product} {ergonomic}
     uint G1ConcRefinementThreads                  = 13                                        {product} {ergonomic}
   size_t G1HeapRegionSize                         = 2097152                                   {product} {ergonomic}
   size_t InitialHeapSize                          = 264241152                                 {product} {ergonomic}
   size_t MarkStackSize                            = 4194304                                   {product} {ergonomic}
   size_t MarkStackSizeMax                         = 536870912                                 {product} {ergonomic}
   size_t MaxHeapSize                              = 4208984064                                {product} {ergonomic}
   size_t MinHeapDeltaBytes                        = 2097152                                   {product} {ergonomic}
   size_t MinHeapSize                              = 8388608                                   {product} {ergonomic}
    uintx NonNMethodCodeHeapSize                   = 7602176                                {pd product} {ergonomic}
    uintx NonProfiledCodeHeapSize                  = 122093568                              {pd product} {ergonomic}
    uintx ProfiledCodeHeapSize                     = 121962496                              {pd product} {ergonomic}
    uintx ReservedCodeCacheSize                    = 251658240                              {pd product} {ergonomic}
     bool SegmentedCodeCache                       = true                                      {product} {ergonomic}
   size_t SoftMaxHeapSize                          = 4208984064                             {manageable} {ergonomic}
     bool UseCompressedOops                        = true                           {product lp64_product} {ergonomic}
     bool UseG1GC                                  = true                                      {product} {ergonomic}
     bool UseLargePagesIndividualAllocation        = false                                  {pd product} {ergonomic}

Logging:
Log output configuration:
 #0: stdout all=warning uptime,level,tags foldmultilines=false
 #1: stderr all=off uptime,level,tags foldmultilines=false

Environment Variables:
JAVA_HOME=C:\Program Files\Java\jdk-23
PATH=C:\Program Files\Common Files\Oracle\Java\javapath;"C:\Program Files\Eclipse Adoptium\jdk-21.0.3.9-hotspot\bin;C:\Users\Sebas\OneDrive\Escritorio\hhh\Wondershare Filmora9 (CPC)\python27.zip";C:\windows\system32;C:\windows;C:\windows\System32\Wbem;C:\windows\System32\WindowsPowerShell\v1.0\;C:\windows\System32\OpenSSH\;C:\Program Files (x86)\NVIDIA Corporation\PhysX\Common;C:\Program Files\HP\HP One Agent;C:\Program Files\Git\cmd;C:\Program Files (x86)\Microsoft SQL Server\160\Tools\Binn\;C:\Program Files\Microsoft SQL Server\160\Tools\Binn\;C:\Program Files\Microsoft SQL Server\Client SDK\ODBC\170\Tools\Binn\;C:\Program Files\Microsoft SQL Server\160\DTS\Binn\;C:\Program Files\Java\apache-maven-3.9.9\bin;C:\Program Files\NVIDIA Corporation\NVIDIA app\NvDLISR;C:\WINDOWS\system32;C:\WINDOWS;C:\WINDOWS\System32\Wbem;C:\WINDOWS\System32\WindowsPowerShell\v1.0\;C:\WINDOWS\System32\OpenSSH\;C:\Users\Sebas\AppData\Local\Programs\Python\Launcher\;C:\Users\Sebas\AppData\Local\Microsoft\WindowsApps;C:\Users\Sebas\AppData\Local\Programs\Microsoft VS Code\bin;C:\Program Files\Java\apache-maven-3.9.9\bin;C:\Users\Sebas\AppData\Local\Pandoc\;C:\Users\Sebas\AppData\Local\Programs\MiKTeX\miktex\bin\x64\;C:\ffmpeg\bin;C:\ffmpeg;
USERNAME=Sebas
OS=Windows_NT
PROCESSOR_IDENTIFIER=Intel64 Family 6 Model 154 Stepping 3, GenuineIntel
TMP=C:\Users\Sebas\AppData\Local\Temp
TEMP=C:\Users\Sebas\AppData\Local\Temp




Periodic native trim disabled

---------------  S Y S T E M  ---------------

OS:
 Windows 11 , 64 bit Build 26100 (10.0.26100.3775)
OS uptime: 13 days 21:42 hours
Hyper-V role detected

CPU: total 16 (initial active 16) (8 cores per cpu, 2 threads per core) family 6 model 154 stepping 3 microcode 0x434, cx8, cmov, fxsr, ht, mmx, 3dnowpref, sse, sse2, sse3, ssse3, sse4.1, sse4.2, popcnt, lzcnt, tsc, tscinvbit, avx, avx2, aes, erms, clmul, bmi1, bmi2, adx, sha, fma, vzeroupper, clflush, clflushopt, clwb, hv, serialize, rdtscp, rdpid, fsrm, gfni, f16c, cet_ibt, cet_ss
Processor Information for processor 0
  Max Mhz: 2300, Current Mhz: 2300, Mhz Limit: 2300
Processor Information for processor 1
  Max Mhz: 2300, Current Mhz: 1506, Mhz Limit: 2300
Processor Information for processor 2
  Max Mhz: 2300, Current Mhz: 2300, Mhz Limit: 2300
Processor Information for processor 3
  Max Mhz: 2300, Current Mhz: 2300, Mhz Limit: 2300
Processor Information for processor 4
  Max Mhz: 2300, Current Mhz: 2300, Mhz Limit: 2300
Processor Information for processor 5
  Max Mhz: 2300, Current Mhz: 1506, Mhz Limit: 2300
Processor Information for processor 6
  Max Mhz: 2300, Current Mhz: 2300, Mhz Limit: 2300
Processor Information for processor 7
  Max Mhz: 2300, Current Mhz: 1506, Mhz Limit: 2300
Processor Information for processor 8
  Max Mhz: 2300, Current Mhz: 2300, Mhz Limit: 2300
Processor Information for processor 9
  Max Mhz: 2300, Current Mhz: 2300, Mhz Limit: 2300
Processor Information for processor 10
  Max Mhz: 2300, Current Mhz: 2300, Mhz Limit: 2300
Processor Information for processor 11
  Max Mhz: 2300, Current Mhz: 1506, Mhz Limit: 2300
Processor Information for processor 12
  Max Mhz: 2300, Current Mhz: 1488, Mhz Limit: 2300
Processor Information for processor 13
  Max Mhz: 2300, Current Mhz: 1488, Mhz Limit: 2300
Processor Information for processor 14
  Max Mhz: 2300, Current Mhz: 2300, Mhz Limit: 2300
Processor Information for processor 15
  Max Mhz: 2300, Current Mhz: 2300, Mhz Limit: 2300

Memory: 4k page, system-wide physical 16051M (4880M free)
TotalPageFile size 20051M (AvailPageFile size 149M)
current process WorkingSet (physical memory assigned to process): 13M, peak: 13M
current process commit charge ("private bytes"): 71M, peak: 323M

vm_info: Java HotSpot(TM) 64-Bit Server VM (23.0.1+11-39) for windows-amd64 JRE (23.0.1+11-39), built on 2024-09-30T07:20:43Z with MS VC++ 17.6 (VS2022)

END.
