#
# There is insufficient memory for the Java Runtime Environment to continue.
# Native memory allocation (malloc) failed to allocate 1149648 bytes. Error detail: Chunk::new
# Possible reasons:
#   The system is out of physical RAM or swap space
#   This process is running with CompressedOops enabled, and the Java Heap may be blocking the growth of the native heap
# Possible solutions:
#   Reduce memory load on the system
#   Increase physical memory or swap space
#   Check if swap backing store is full
#   Decrease Java heap size (-Xmx/-Xms)
#   Decrease number of Java threads
#   Decrease Java thread stack sizes (-Xss)
#   Set larger code cache with -XX:ReservedCodeCacheSize=
#   JVM is running with Zero Based Compressed Oops mode in which the Java heap is
#     placed in the first 32GB address space. The Java Heap base address is the
#     maximum limit for the native heap growth. Please use -XX:HeapBaseMinAddress
#     to set the Java Heap base and to place the Java Heap above 32GB virtual address.
# This output file may be truncated or incomplete.
#
#  Out of Memory Error (arena.cpp:149), pid=9272, tid=29984
#
# JRE version: Java(TM) SE Runtime Environment (23.0.1+11) (build 23.0.1+11-39)
# Java VM: Java HotSpot(TM) 64-Bit Server VM (23.0.1+11-39, mixed mode, sharing, tiered, compressed oops, compressed class ptrs, g1 gc, windows-amd64)
# No core dump will be written. Minidumps are not enabled by default on client versions of Windows
#

---------------  S U M M A R Y ------------

Command Line: -Dclassworlds.conf=C:\Program Files\NetBeans-22\netbeans\java\maven\bin\m2.conf -Dmaven.home=C:\Program Files\NetBeans-22\netbeans\java\maven -Dlibrary.jansi.path=C:\Program Files\NetBeans-22\netbeans\java\maven\lib\jansi-native -Dmaven.multiModuleProjectDirectory=C:\Users\Sebas\OneDrive\Documents\NetBeansProjects\ESTRUCTURA_DATOS\Academic-Management-System org.codehaus.plexus.classworlds.launcher.Launcher -Dmaven.ext.class.path=C:\Program Files\NetBeans-22\netbeans\java\maven-nblib\netbeans-eventspy.jar --no-transfer-progress clean install

Host: 12th Gen Intel(R) Core(TM) i7-12650H, 16 cores, 15G,  Windows 11 , 64 bit Build 26100 (10.0.26100.3775)
Time: Mon May 12 17:39:00 2025 Mountain Standard Time (Mexico) elapsed time: 2.766424 seconds (0d 0h 0m 2s)

---------------  T H R E A D  ---------------

Current thread (0x0000029de684a4e0):  JavaThread "C2 CompilerThread2" daemon [_thread_in_native, id=29984, stack(0x000000f8ab100000,0x000000f8ab200000) (1024K)]


Current CompileTask:
C2:2766 3215   !   4       java.net.URL::<init> (543 bytes)

Stack: [0x000000f8ab100000,0x000000f8ab200000]
Native frames: (J=compiled Java code, j=interpreted, Vv=VM code, C=native code)
V  [jvm.dll+0x6e08b9]  (no source info available)
V  [jvm.dll+0x87dc83]  (no source info available)
V  [jvm.dll+0x88010e]  (no source info available)
V  [jvm.dll+0x8807e3]  (no source info available)
V  [jvm.dll+0x27aee6]  (no source info available)
V  [jvm.dll+0xbc06f]  (no source info available)
V  [jvm.dll+0xbc2cb]  (no source info available)
V  [jvm.dll+0x3b3a9c]  (no source info available)
V  [jvm.dll+0x38a42b]  (no source info available)
V  [jvm.dll+0x38989a]  (no source info available)
V  [jvm.dll+0x244aa1]  (no source info available)
V  [jvm.dll+0x243dff]  (no source info available)
V  [jvm.dll+0x1c33a0]  (no source info available)
V  [jvm.dll+0x253cf1]  (no source info available)
V  [jvm.dll+0x251faa]  (no source info available)
V  [jvm.dll+0x3ee036]  (no source info available)
V  [jvm.dll+0x824f8b]  (no source info available)
V  [jvm.dll+0x6df065]  (no source info available)
C  [ucrtbase.dll+0x37b0]  (no source info available)
C  [KERNEL32.DLL+0x2e8d7]  (no source info available)
C  [ntdll.dll+0xb14fc]  (no source info available)

Lock stack of current Java thread (top to bottom):


---------------  P R O C E S S  ---------------

Threads class SMR info:
_java_thread_list=0x0000029de7261f10, length=15, elements={
0x0000029dfeae9c00, 0x0000029da08d6250, 0x0000029da08d6eb0, 0x0000029de6000bf0,
0x0000029de6004a60, 0x0000029de60061e0, 0x0000029de6006c40, 0x0000029de6019720,
0x0000029de603bf30, 0x0000029de610b150, 0x0000029de6118610, 0x0000029de6242700,
0x0000029de6245a00, 0x0000029de680aaf0, 0x0000029de684a4e0
}

Java Threads: ( => current thread )
  0x0000029dfeae9c00 JavaThread "main"                              [_thread_in_vm, id=31952, stack(0x000000f8a9b00000,0x000000f8a9c00000) (1024K)]
  0x0000029da08d6250 JavaThread "Reference Handler"          daemon [_thread_blocked, id=21700, stack(0x000000f8aa300000,0x000000f8aa400000) (1024K)]
  0x0000029da08d6eb0 JavaThread "Finalizer"                  daemon [_thread_blocked, id=6324, stack(0x000000f8aa400000,0x000000f8aa500000) (1024K)]
  0x0000029de6000bf0 JavaThread "Signal Dispatcher"          daemon [_thread_blocked, id=28692, stack(0x000000f8aa500000,0x000000f8aa600000) (1024K)]
  0x0000029de6004a60 JavaThread "Attach Listener"            daemon [_thread_blocked, id=16292, stack(0x000000f8aa600000,0x000000f8aa700000) (1024K)]
  0x0000029de60061e0 JavaThread "Service Thread"             daemon [_thread_blocked, id=30208, stack(0x000000f8aa700000,0x000000f8aa800000) (1024K)]
  0x0000029de6006c40 JavaThread "Monitor Deflation Thread"   daemon [_thread_blocked, id=32544, stack(0x000000f8aa800000,0x000000f8aa900000) (1024K)]
  0x0000029de6019720 JavaThread "C2 CompilerThread0"         daemon [_thread_in_native, id=6760, stack(0x000000f8aa900000,0x000000f8aaa00000) (1024K)]
  0x0000029de603bf30 JavaThread "C1 CompilerThread0"         daemon [_thread_blocked, id=6404, stack(0x000000f8aaa00000,0x000000f8aab00000) (1024K)]
  0x0000029de610b150 JavaThread "C1 CompilerThread1"         daemon [_thread_blocked, id=19952, stack(0x000000f8aab00000,0x000000f8aac00000) (1024K)]
  0x0000029de6118610 JavaThread "C1 CompilerThread2"         daemon [_thread_blocked, id=30348, stack(0x000000f8aac00000,0x000000f8aad00000) (1024K)]
  0x0000029de6242700 JavaThread "Notification Thread"        daemon [_thread_blocked, id=31296, stack(0x000000f8aad00000,0x000000f8aae00000) (1024K)]
  0x0000029de6245a00 JavaThread "Common-Cleaner"             daemon [_thread_blocked, id=19508, stack(0x000000f8aae00000,0x000000f8aaf00000) (1024K)]
  0x0000029de680aaf0 JavaThread "C2 CompilerThread1"         daemon [_thread_blocked, id=5160, stack(0x000000f8ab000000,0x000000f8ab100000) (1024K)]
=>0x0000029de684a4e0 JavaThread "C2 CompilerThread2"         daemon [_thread_in_native, id=29984, stack(0x000000f8ab100000,0x000000f8ab200000) (1024K)]
Total: 15

Other Threads:
  0x0000029da08bfe60 VMThread "VM Thread"                           [id=25124, stack(0x000000f8aa200000,0x000000f8aa300000) (1024K)]
  0x0000029dffc110b0 WatcherThread "VM Periodic Task Thread"        [id=25332, stack(0x000000f8aa100000,0x000000f8aa200000) (1024K)]
  0x0000029dffc86ee0 WorkerThread "GC Thread#0"                     [id=29320, stack(0x000000f8a9c00000,0x000000f8a9d00000) (1024K)]
  0x0000029de7910070 WorkerThread "GC Thread#1"                     [id=29144, stack(0x000000f8ab700000,0x000000f8ab800000) (1024K)]
  0x0000029de8177140 WorkerThread "GC Thread#2"                     [id=15544, stack(0x000000f8ab800000,0x000000f8ab900000) (1024K)]
  0x0000029de71286d0 WorkerThread "GC Thread#3"                     [id=5808, stack(0x000000f8ab900000,0x000000f8aba00000) (1024K)]
  0x0000029de8267a10 WorkerThread "GC Thread#4"                     [id=8764, stack(0x000000f8aba00000,0x000000f8abb00000) (1024K)]
  0x0000029de8267dc0 WorkerThread "GC Thread#5"                     [id=22912, stack(0x000000f8abb00000,0x000000f8abc00000) (1024K)]
  0x0000029de845aa90 WorkerThread "GC Thread#6"                     [id=31416, stack(0x000000f8abc00000,0x000000f8abd00000) (1024K)]
  0x0000029de80e0330 WorkerThread "GC Thread#7"                     [id=4416, stack(0x000000f8abd00000,0x000000f8abe00000) (1024K)]
  0x0000029de74f05f0 WorkerThread "GC Thread#8"                     [id=20264, stack(0x000000f8abe00000,0x000000f8abf00000) (1024K)]
  0x0000029de827e200 WorkerThread "GC Thread#9"                     [id=30992, stack(0x000000f8ab600000,0x000000f8ab700000) (1024K)]
  0x0000029dffc9c7d0 ConcurrentGCThread "G1 Main Marker"            [id=7668, stack(0x000000f8a9d00000,0x000000f8a9e00000) (1024K)]
  0x0000029dffc9d2e0 WorkerThread "G1 Conc#0"                       [id=32752, stack(0x000000f8a9e00000,0x000000f8a9f00000) (1024K)]
  0x0000029da07794b0 ConcurrentGCThread "G1 Refine#0"               [id=16044, stack(0x000000f8a9f00000,0x000000f8aa000000) (1024K)]
  0x0000029da077bd00 ConcurrentGCThread "G1 Service"                [id=14152, stack(0x000000f8aa000000,0x000000f8aa100000) (1024K)]
Total: 16

Threads with active compile tasks:
C2 CompilerThread1  2835 3277       4       jdk.internal.org.objectweb.asm.Symbol::<init> (38 bytes)
C2 CompilerThread2  2835 3215   !   4       java.net.URL::<init> (543 bytes)
Total: 2

VM state: not at safepoint (normal execution)

VM Mutex/Monitor currently owned by a thread: None

Heap address: 0x0000000705200000, size: 4014 MB, Compressed Oops mode: Zero based, Oop shift amount: 3

CDS archive(s) mapped at: [0x0000029da1000000-0x0000029da1d70000-0x0000029da1d70000), size 14090240, SharedBaseAddress: 0x0000029da1000000, ArchiveRelocationMode: 1.
Compressed class space mapped at: 0x0000029da2000000-0x0000029de2000000, reserved size: 1073741824
Narrow klass base: 0x0000029da1000000, Narrow klass shift: 0, Narrow klass range: 0x41000000

GC Precious Log:
 CardTable entry size: 512
 Card Set container configuration: InlinePtr #cards 4 size 8 Array Of Cards #cards 16 size 48 Howl #buckets 8 coarsen threshold 3686 Howl Bitmap #cards 512 size 80 coarsen threshold 460 Card regions per heap region 1 cards per card region 4096
 CPUs: 16 total, 16 available
 Memory: 16051M
 Large Page Support: Disabled
 NUMA Support: Disabled
 Compressed Oops: Enabled (Zero based)
 Heap Region Size: 2M
 Heap Min Capacity: 8M
 Heap Initial Capacity: 252M
 Heap Max Capacity: 4014M
 Pre-touch: Disabled
 Parallel Workers: 13
 Concurrent Workers: 3
 Concurrent Refinement Workers: 13
 Periodic GC: Disabled

Heap:
 garbage-first heap   total reserved 4110336K, committed 258048K, used 33716K [0x0000000705200000, 0x0000000800000000)
  region size 2048K, 17 young (34816K), 1 survivors (2048K)
 Metaspace       used 14911K, committed 15168K, reserved 1114112K
  class space    used 1822K, committed 1920K, reserved 1048576K

Heap Regions: E=young(eden), S=young(survivor), O=old, HS=humongous(starts), HC=humongous(continues), CS=collection set, F=free, TAMS=top-at-mark-start, PB=parsable bottom
|   0|0x0000000705200000, 0x0000000705400000, 0x0000000705400000|100%| O|  |TAMS 0x0000000705200000| PB 0x0000000705200000| Untracked |  0
|   1|0x0000000705400000, 0x00000007055bfb30, 0x0000000705600000| 87%| O|  |TAMS 0x0000000705400000| PB 0x0000000705400000| Untracked |  0
|   2|0x0000000705600000, 0x0000000705600000, 0x0000000705800000|  0%| F|  |TAMS 0x0000000705600000| PB 0x0000000705600000| Untracked |  0
|   3|0x0000000705800000, 0x0000000705800000, 0x0000000705a00000|  0%| F|  |TAMS 0x0000000705800000| PB 0x0000000705800000| Untracked |  0
|   4|0x0000000705a00000, 0x0000000705a00000, 0x0000000705c00000|  0%| F|  |TAMS 0x0000000705a00000| PB 0x0000000705a00000| Untracked |  0
|   5|0x0000000705c00000, 0x0000000705c00000, 0x0000000705e00000|  0%| F|  |TAMS 0x0000000705c00000| PB 0x0000000705c00000| Untracked |  0
|   6|0x0000000705e00000, 0x0000000705e00000, 0x0000000706000000|  0%| F|  |TAMS 0x0000000705e00000| PB 0x0000000705e00000| Untracked |  0
|   7|0x0000000706000000, 0x0000000706000000, 0x0000000706200000|  0%| F|  |TAMS 0x0000000706000000| PB 0x0000000706000000| Untracked |  0
|   8|0x0000000706200000, 0x0000000706200000, 0x0000000706400000|  0%| F|  |TAMS 0x0000000706200000| PB 0x0000000706200000| Untracked |  0
|   9|0x0000000706400000, 0x0000000706400000, 0x0000000706600000|  0%| F|  |TAMS 0x0000000706400000| PB 0x0000000706400000| Untracked |  0
|  10|0x0000000706600000, 0x0000000706600000, 0x0000000706800000|  0%| F|  |TAMS 0x0000000706600000| PB 0x0000000706600000| Untracked |  0
|  11|0x0000000706800000, 0x0000000706800000, 0x0000000706a00000|  0%| F|  |TAMS 0x0000000706800000| PB 0x0000000706800000| Untracked |  0
|  12|0x0000000706a00000, 0x0000000706a00000, 0x0000000706c00000|  0%| F|  |TAMS 0x0000000706a00000| PB 0x0000000706a00000| Untracked |  0
|  13|0x0000000706c00000, 0x0000000706c00000, 0x0000000706e00000|  0%| F|  |TAMS 0x0000000706c00000| PB 0x0000000706c00000| Untracked |  0
|  14|0x0000000706e00000, 0x0000000706e00000, 0x0000000707000000|  0%| F|  |TAMS 0x0000000706e00000| PB 0x0000000706e00000| Untracked |  0
|  15|0x0000000707000000, 0x0000000707000000, 0x0000000707200000|  0%| F|  |TAMS 0x0000000707000000| PB 0x0000000707000000| Untracked |  0
|  16|0x0000000707200000, 0x0000000707200000, 0x0000000707400000|  0%| F|  |TAMS 0x0000000707200000| PB 0x0000000707200000| Untracked |  0
|  17|0x0000000707400000, 0x0000000707400000, 0x0000000707600000|  0%| F|  |TAMS 0x0000000707400000| PB 0x0000000707400000| Untracked |  0
|  18|0x0000000707600000, 0x0000000707600000, 0x0000000707800000|  0%| F|  |TAMS 0x0000000707600000| PB 0x0000000707600000| Untracked |  0
|  19|0x0000000707800000, 0x0000000707800000, 0x0000000707a00000|  0%| F|  |TAMS 0x0000000707800000| PB 0x0000000707800000| Untracked |  0
|  20|0x0000000707a00000, 0x0000000707a00000, 0x0000000707c00000|  0%| F|  |TAMS 0x0000000707a00000| PB 0x0000000707a00000| Untracked |  0
|  21|0x0000000707c00000, 0x0000000707c00000, 0x0000000707e00000|  0%| F|  |TAMS 0x0000000707c00000| PB 0x0000000707c00000| Untracked |  0
|  22|0x0000000707e00000, 0x0000000707e00000, 0x0000000708000000|  0%| F|  |TAMS 0x0000000707e00000| PB 0x0000000707e00000| Untracked |  0
|  23|0x0000000708000000, 0x0000000708000000, 0x0000000708200000|  0%| F|  |TAMS 0x0000000708000000| PB 0x0000000708000000| Untracked |  0
|  24|0x0000000708200000, 0x0000000708200000, 0x0000000708400000|  0%| F|  |TAMS 0x0000000708200000| PB 0x0000000708200000| Untracked |  0
|  25|0x0000000708400000, 0x0000000708400000, 0x0000000708600000|  0%| F|  |TAMS 0x0000000708400000| PB 0x0000000708400000| Untracked |  0
|  26|0x0000000708600000, 0x0000000708600000, 0x0000000708800000|  0%| F|  |TAMS 0x0000000708600000| PB 0x0000000708600000| Untracked |  0
|  27|0x0000000708800000, 0x0000000708800000, 0x0000000708a00000|  0%| F|  |TAMS 0x0000000708800000| PB 0x0000000708800000| Untracked |  0
|  28|0x0000000708a00000, 0x0000000708a00000, 0x0000000708c00000|  0%| F|  |TAMS 0x0000000708a00000| PB 0x0000000708a00000| Untracked |  0
|  29|0x0000000708c00000, 0x0000000708c00000, 0x0000000708e00000|  0%| F|  |TAMS 0x0000000708c00000| PB 0x0000000708c00000| Untracked |  0
|  30|0x0000000708e00000, 0x0000000708e00000, 0x0000000709000000|  0%| F|  |TAMS 0x0000000708e00000| PB 0x0000000708e00000| Untracked |  0
|  31|0x0000000709000000, 0x0000000709000000, 0x0000000709200000|  0%| F|  |TAMS 0x0000000709000000| PB 0x0000000709000000| Untracked |  0
|  32|0x0000000709200000, 0x0000000709200000, 0x0000000709400000|  0%| F|  |TAMS 0x0000000709200000| PB 0x0000000709200000| Untracked |  0
|  33|0x0000000709400000, 0x0000000709400000, 0x0000000709600000|  0%| F|  |TAMS 0x0000000709400000| PB 0x0000000709400000| Untracked |  0
|  34|0x0000000709600000, 0x0000000709600000, 0x0000000709800000|  0%| F|  |TAMS 0x0000000709600000| PB 0x0000000709600000| Untracked |  0
|  35|0x0000000709800000, 0x0000000709800000, 0x0000000709a00000|  0%| F|  |TAMS 0x0000000709800000| PB 0x0000000709800000| Untracked |  0
|  36|0x0000000709a00000, 0x0000000709a00000, 0x0000000709c00000|  0%| F|  |TAMS 0x0000000709a00000| PB 0x0000000709a00000| Untracked |  0
|  37|0x0000000709c00000, 0x0000000709c00000, 0x0000000709e00000|  0%| F|  |TAMS 0x0000000709c00000| PB 0x0000000709c00000| Untracked |  0
|  38|0x0000000709e00000, 0x0000000709e00000, 0x000000070a000000|  0%| F|  |TAMS 0x0000000709e00000| PB 0x0000000709e00000| Untracked |  0
|  39|0x000000070a000000, 0x000000070a000000, 0x000000070a200000|  0%| F|  |TAMS 0x000000070a000000| PB 0x000000070a000000| Untracked |  0
|  40|0x000000070a200000, 0x000000070a200000, 0x000000070a400000|  0%| F|  |TAMS 0x000000070a200000| PB 0x000000070a200000| Untracked |  0
|  41|0x000000070a400000, 0x000000070a400000, 0x000000070a600000|  0%| F|  |TAMS 0x000000070a400000| PB 0x000000070a400000| Untracked |  0
|  42|0x000000070a600000, 0x000000070a600000, 0x000000070a800000|  0%| F|  |TAMS 0x000000070a600000| PB 0x000000070a600000| Untracked |  0
|  43|0x000000070a800000, 0x000000070a800000, 0x000000070aa00000|  0%| F|  |TAMS 0x000000070a800000| PB 0x000000070a800000| Untracked |  0
|  44|0x000000070aa00000, 0x000000070aa00000, 0x000000070ac00000|  0%| F|  |TAMS 0x000000070aa00000| PB 0x000000070aa00000| Untracked |  0
|  45|0x000000070ac00000, 0x000000070ac00000, 0x000000070ae00000|  0%| F|  |TAMS 0x000000070ac00000| PB 0x000000070ac00000| Untracked |  0
|  46|0x000000070ae00000, 0x000000070ae00000, 0x000000070b000000|  0%| F|  |TAMS 0x000000070ae00000| PB 0x000000070ae00000| Untracked |  0
|  47|0x000000070b000000, 0x000000070b000000, 0x000000070b200000|  0%| F|  |TAMS 0x000000070b000000| PB 0x000000070b000000| Untracked |  0
|  48|0x000000070b200000, 0x000000070b200000, 0x000000070b400000|  0%| F|  |TAMS 0x000000070b200000| PB 0x000000070b200000| Untracked |  0
|  49|0x000000070b400000, 0x000000070b400000, 0x000000070b600000|  0%| F|  |TAMS 0x000000070b400000| PB 0x000000070b400000| Untracked |  0
|  50|0x000000070b600000, 0x000000070b600000, 0x000000070b800000|  0%| F|  |TAMS 0x000000070b600000| PB 0x000000070b600000| Untracked |  0
|  51|0x000000070b800000, 0x000000070b800000, 0x000000070ba00000|  0%| F|  |TAMS 0x000000070b800000| PB 0x000000070b800000| Untracked |  0
|  52|0x000000070ba00000, 0x000000070ba00000, 0x000000070bc00000|  0%| F|  |TAMS 0x000000070ba00000| PB 0x000000070ba00000| Untracked |  0
|  53|0x000000070bc00000, 0x000000070bc00000, 0x000000070be00000|  0%| F|  |TAMS 0x000000070bc00000| PB 0x000000070bc00000| Untracked |  0
|  54|0x000000070be00000, 0x000000070be00000, 0x000000070c000000|  0%| F|  |TAMS 0x000000070be00000| PB 0x000000070be00000| Untracked |  0
|  55|0x000000070c000000, 0x000000070c000000, 0x000000070c200000|  0%| F|  |TAMS 0x000000070c000000| PB 0x000000070c000000| Untracked |  0
|  56|0x000000070c200000, 0x000000070c200000, 0x000000070c400000|  0%| F|  |TAMS 0x000000070c200000| PB 0x000000070c200000| Untracked |  0
|  57|0x000000070c400000, 0x000000070c400000, 0x000000070c600000|  0%| F|  |TAMS 0x000000070c400000| PB 0x000000070c400000| Untracked |  0
|  58|0x000000070c600000, 0x000000070c600000, 0x000000070c800000|  0%| F|  |TAMS 0x000000070c600000| PB 0x000000070c600000| Untracked |  0
|  59|0x000000070c800000, 0x000000070c800000, 0x000000070ca00000|  0%| F|  |TAMS 0x000000070c800000| PB 0x000000070c800000| Untracked |  0
|  60|0x000000070ca00000, 0x000000070ca00000, 0x000000070cc00000|  0%| F|  |TAMS 0x000000070ca00000| PB 0x000000070ca00000| Untracked |  0
|  61|0x000000070cc00000, 0x000000070cc00000, 0x000000070ce00000|  0%| F|  |TAMS 0x000000070cc00000| PB 0x000000070cc00000| Untracked |  0
|  62|0x000000070ce00000, 0x000000070ce00000, 0x000000070d000000|  0%| F|  |TAMS 0x000000070ce00000| PB 0x000000070ce00000| Untracked |  0
|  63|0x000000070d000000, 0x000000070d000000, 0x000000070d200000|  0%| F|  |TAMS 0x000000070d000000| PB 0x000000070d000000| Untracked |  0
|  64|0x000000070d200000, 0x000000070d200000, 0x000000070d400000|  0%| F|  |TAMS 0x000000070d200000| PB 0x000000070d200000| Untracked |  0
|  65|0x000000070d400000, 0x000000070d400000, 0x000000070d600000|  0%| F|  |TAMS 0x000000070d400000| PB 0x000000070d400000| Untracked |  0
|  66|0x000000070d600000, 0x000000070d600000, 0x000000070d800000|  0%| F|  |TAMS 0x000000070d600000| PB 0x000000070d600000| Untracked |  0
|  67|0x000000070d800000, 0x000000070d800000, 0x000000070da00000|  0%| F|  |TAMS 0x000000070d800000| PB 0x000000070d800000| Untracked |  0
|  68|0x000000070da00000, 0x000000070da00000, 0x000000070dc00000|  0%| F|  |TAMS 0x000000070da00000| PB 0x000000070da00000| Untracked |  0
|  69|0x000000070dc00000, 0x000000070dc00000, 0x000000070de00000|  0%| F|  |TAMS 0x000000070dc00000| PB 0x000000070dc00000| Untracked |  0
|  70|0x000000070de00000, 0x000000070de00000, 0x000000070e000000|  0%| F|  |TAMS 0x000000070de00000| PB 0x000000070de00000| Untracked |  0
|  71|0x000000070e000000, 0x000000070e000000, 0x000000070e200000|  0%| F|  |TAMS 0x000000070e000000| PB 0x000000070e000000| Untracked |  0
|  72|0x000000070e200000, 0x000000070e200000, 0x000000070e400000|  0%| F|  |TAMS 0x000000070e200000| PB 0x000000070e200000| Untracked |  0
|  73|0x000000070e400000, 0x000000070e400000, 0x000000070e600000|  0%| F|  |TAMS 0x000000070e400000| PB 0x000000070e400000| Untracked |  0
|  74|0x000000070e600000, 0x000000070e600000, 0x000000070e800000|  0%| F|  |TAMS 0x000000070e600000| PB 0x000000070e600000| Untracked |  0
|  75|0x000000070e800000, 0x000000070e800000, 0x000000070ea00000|  0%| F|  |TAMS 0x000000070e800000| PB 0x000000070e800000| Untracked |  0
|  76|0x000000070ea00000, 0x000000070ea00000, 0x000000070ec00000|  0%| F|  |TAMS 0x000000070ea00000| PB 0x000000070ea00000| Untracked |  0
|  77|0x000000070ec00000, 0x000000070ec00000, 0x000000070ee00000|  0%| F|  |TAMS 0x000000070ec00000| PB 0x000000070ec00000| Untracked |  0
|  78|0x000000070ee00000, 0x000000070ee00000, 0x000000070f000000|  0%| F|  |TAMS 0x000000070ee00000| PB 0x000000070ee00000| Untracked |  0
|  79|0x000000070f000000, 0x000000070f000000, 0x000000070f200000|  0%| F|  |TAMS 0x000000070f000000| PB 0x000000070f000000| Untracked |  0
|  80|0x000000070f200000, 0x000000070f200000, 0x000000070f400000|  0%| F|  |TAMS 0x000000070f200000| PB 0x000000070f200000| Untracked |  0
|  81|0x000000070f400000, 0x000000070f400000, 0x000000070f600000|  0%| F|  |TAMS 0x000000070f400000| PB 0x000000070f400000| Untracked |  0
|  82|0x000000070f600000, 0x000000070f600000, 0x000000070f800000|  0%| F|  |TAMS 0x000000070f600000| PB 0x000000070f600000| Untracked |  0
|  83|0x000000070f800000, 0x000000070f800000, 0x000000070fa00000|  0%| F|  |TAMS 0x000000070f800000| PB 0x000000070f800000| Untracked |  0
|  84|0x000000070fa00000, 0x000000070fa00000, 0x000000070fc00000|  0%| F|  |TAMS 0x000000070fa00000| PB 0x000000070fa00000| Untracked |  0
|  85|0x000000070fc00000, 0x000000070fc00000, 0x000000070fe00000|  0%| F|  |TAMS 0x000000070fc00000| PB 0x000000070fc00000| Untracked |  0
|  86|0x000000070fe00000, 0x000000070fe00000, 0x0000000710000000|  0%| F|  |TAMS 0x000000070fe00000| PB 0x000000070fe00000| Untracked |  0
|  87|0x0000000710000000, 0x0000000710000000, 0x0000000710200000|  0%| F|  |TAMS 0x0000000710000000| PB 0x0000000710000000| Untracked |  0
|  88|0x0000000710200000, 0x0000000710200000, 0x0000000710400000|  0%| F|  |TAMS 0x0000000710200000| PB 0x0000000710200000| Untracked |  0
|  89|0x0000000710400000, 0x0000000710400000, 0x0000000710600000|  0%| F|  |TAMS 0x0000000710400000| PB 0x0000000710400000| Untracked |  0
|  90|0x0000000710600000, 0x0000000710600000, 0x0000000710800000|  0%| F|  |TAMS 0x0000000710600000| PB 0x0000000710600000| Untracked |  0
|  91|0x0000000710800000, 0x0000000710800000, 0x0000000710a00000|  0%| F|  |TAMS 0x0000000710800000| PB 0x0000000710800000| Untracked |  0
|  92|0x0000000710a00000, 0x0000000710a00000, 0x0000000710c00000|  0%| F|  |TAMS 0x0000000710a00000| PB 0x0000000710a00000| Untracked |  0
|  93|0x0000000710c00000, 0x0000000710c00000, 0x0000000710e00000|  0%| F|  |TAMS 0x0000000710c00000| PB 0x0000000710c00000| Untracked |  0
|  94|0x0000000710e00000, 0x0000000710e00000, 0x0000000711000000|  0%| F|  |TAMS 0x0000000710e00000| PB 0x0000000710e00000| Untracked |  0
|  95|0x0000000711000000, 0x0000000711000000, 0x0000000711200000|  0%| F|  |TAMS 0x0000000711000000| PB 0x0000000711000000| Untracked |  0
|  96|0x0000000711200000, 0x0000000711200000, 0x0000000711400000|  0%| F|  |TAMS 0x0000000711200000| PB 0x0000000711200000| Untracked |  0
|  97|0x0000000711400000, 0x0000000711400000, 0x0000000711600000|  0%| F|  |TAMS 0x0000000711400000| PB 0x0000000711400000| Untracked |  0
|  98|0x0000000711600000, 0x0000000711600000, 0x0000000711800000|  0%| F|  |TAMS 0x0000000711600000| PB 0x0000000711600000| Untracked |  0
|  99|0x0000000711800000, 0x0000000711800000, 0x0000000711a00000|  0%| F|  |TAMS 0x0000000711800000| PB 0x0000000711800000| Untracked |  0
| 100|0x0000000711a00000, 0x0000000711a00000, 0x0000000711c00000|  0%| F|  |TAMS 0x0000000711a00000| PB 0x0000000711a00000| Untracked |  0
| 101|0x0000000711c00000, 0x0000000711c00000, 0x0000000711e00000|  0%| F|  |TAMS 0x0000000711c00000| PB 0x0000000711c00000| Untracked |  0
| 102|0x0000000711e00000, 0x0000000711e00000, 0x0000000712000000|  0%| F|  |TAMS 0x0000000711e00000| PB 0x0000000711e00000| Untracked |  0
| 103|0x0000000712000000, 0x0000000712000000, 0x0000000712200000|  0%| F|  |TAMS 0x0000000712000000| PB 0x0000000712000000| Untracked |  0
| 104|0x0000000712200000, 0x0000000712200000, 0x0000000712400000|  0%| F|  |TAMS 0x0000000712200000| PB 0x0000000712200000| Untracked |  0
| 105|0x0000000712400000, 0x0000000712400000, 0x0000000712600000|  0%| F|  |TAMS 0x0000000712400000| PB 0x0000000712400000| Untracked |  0
| 106|0x0000000712600000, 0x0000000712600000, 0x0000000712800000|  0%| F|  |TAMS 0x0000000712600000| PB 0x0000000712600000| Untracked |  0
| 107|0x0000000712800000, 0x0000000712800000, 0x0000000712a00000|  0%| F|  |TAMS 0x0000000712800000| PB 0x0000000712800000| Untracked |  0
| 108|0x0000000712a00000, 0x0000000712a00000, 0x0000000712c00000|  0%| F|  |TAMS 0x0000000712a00000| PB 0x0000000712a00000| Untracked |  0
| 109|0x0000000712c00000, 0x0000000712d613a8, 0x0000000712e00000| 68%| E|  |TAMS 0x0000000712c00000| PB 0x0000000712c00000| Complete |  0
| 110|0x0000000712e00000, 0x0000000713000000, 0x0000000713000000|100%| E|CS|TAMS 0x0000000712e00000| PB 0x0000000712e00000| Complete |  0
| 111|0x0000000713000000, 0x0000000713200000, 0x0000000713200000|100%| E|CS|TAMS 0x0000000713000000| PB 0x0000000713000000| Complete |  0
| 112|0x0000000713200000, 0x0000000713400000, 0x0000000713400000|100%| E|CS|TAMS 0x0000000713200000| PB 0x0000000713200000| Complete |  0
| 113|0x0000000713400000, 0x0000000713600000, 0x0000000713600000|100%| E|CS|TAMS 0x0000000713400000| PB 0x0000000713400000| Complete |  0
| 114|0x0000000713600000, 0x000000071372d888, 0x0000000713800000| 58%| S|CS|TAMS 0x0000000713600000| PB 0x0000000713600000| Complete |  0
| 115|0x0000000713800000, 0x0000000713a00000, 0x0000000713a00000|100%| E|CS|TAMS 0x0000000713800000| PB 0x0000000713800000| Complete |  0
| 116|0x0000000713a00000, 0x0000000713c00000, 0x0000000713c00000|100%| E|CS|TAMS 0x0000000713a00000| PB 0x0000000713a00000| Complete |  0
| 117|0x0000000713c00000, 0x0000000713e00000, 0x0000000713e00000|100%| E|CS|TAMS 0x0000000713c00000| PB 0x0000000713c00000| Complete |  0
| 118|0x0000000713e00000, 0x0000000714000000, 0x0000000714000000|100%| E|CS|TAMS 0x0000000713e00000| PB 0x0000000713e00000| Complete |  0
| 119|0x0000000714000000, 0x0000000714200000, 0x0000000714200000|100%| E|CS|TAMS 0x0000000714000000| PB 0x0000000714000000| Complete |  0
| 120|0x0000000714200000, 0x0000000714400000, 0x0000000714400000|100%| E|  |TAMS 0x0000000714200000| PB 0x0000000714200000| Complete |  0
| 121|0x0000000714400000, 0x0000000714600000, 0x0000000714600000|100%| E|CS|TAMS 0x0000000714400000| PB 0x0000000714400000| Complete |  0
| 122|0x0000000714600000, 0x0000000714800000, 0x0000000714800000|100%| E|CS|TAMS 0x0000000714600000| PB 0x0000000714600000| Complete |  0
| 123|0x0000000714800000, 0x0000000714a00000, 0x0000000714a00000|100%| E|CS|TAMS 0x0000000714800000| PB 0x0000000714800000| Complete |  0
| 124|0x0000000714a00000, 0x0000000714c00000, 0x0000000714c00000|100%| E|CS|TAMS 0x0000000714a00000| PB 0x0000000714a00000| Complete |  0
| 125|0x0000000714c00000, 0x0000000714e00000, 0x0000000714e00000|100%| E|CS|TAMS 0x0000000714c00000| PB 0x0000000714c00000| Complete |  0

Card table byte_map: [0x0000029d998d0000,0x0000029d9a0b0000] _byte_map_base: 0x0000029d960a7000

Marking Bits: (CMBitMap*) 0x0000029dffc875f0
 Bits: [0x0000029d9a0b0000, 0x0000029d9df68000)

Polling page: 0x0000029dfee20000

Metaspace:

Usage:
  Non-class:     12.81 MB used.
      Class:      1.78 MB used.
       Both:     14.60 MB used.

Virtual space:
  Non-class space:       64.00 MB reserved,      12.94 MB ( 20%) committed,  1 nodes.
      Class space:        1.00 GB reserved,       1.88 MB ( <1%) committed,  1 nodes.
             Both:        1.06 GB reserved,      14.81 MB (  1%) committed. 

Chunk freelists:
   Non-Class:  2.82 MB
       Class:  14.01 MB
        Both:  16.83 MB

MaxMetaspaceSize: unlimited
CompressedClassSpaceSize: 1.00 GB
Initial GC threshold: 21.00 MB
Current GC threshold: 21.00 MB
CDS: on
 - commit_granule_bytes: 65536.
 - commit_granule_words: 8192.
 - virtual_space_node_default_size: 8388608.
 - enlarge_chunks_in_place: 1.
 - use_allocation_guard: 0.


Internal statistics:

num_allocs_failed_limit: 0.
num_arena_births: 146.
num_arena_deaths: 0.
num_vsnodes_births: 2.
num_vsnodes_deaths: 0.
num_space_committed: 237.
num_space_uncommitted: 0.
num_chunks_returned_to_freelist: 0.
num_chunks_taken_from_freelist: 608.
num_chunk_merges: 0.
num_chunk_splits: 441.
num_chunks_enlarged: 367.
num_inconsistent_stats: 0.

CodeHeap 'non-profiled nmethods': size=119232Kb used=953Kb max_used=953Kb free=118278Kb
 bounds [0x0000029d91610000, 0x0000029d91880000, 0x0000029d98a80000]
CodeHeap 'profiled nmethods': size=119104Kb used=4925Kb max_used=4925Kb free=114178Kb
 bounds [0x0000029d89a80000, 0x0000029d89f50000, 0x0000029d90ed0000]
CodeHeap 'non-nmethods': size=7424Kb used=2518Kb max_used=3126Kb free=4905Kb
 bounds [0x0000029d90ed0000, 0x0000029d911e0000, 0x0000029d91610000]
CodeCache: size=245760Kb, used=8396Kb, max_used=9004Kb, free=237361Kb
 total_blobs=3775, nmethods=3277, adapters=401, full_count=0
Compilation: enabled, stopped_count=0, restarted_count=0

Compilation events (20 events):
Event: 1.735 Thread 0x0000029de6118610 nmethod 3226 0x0000029d89f40488 code [0x0000029d89f405c0, 0x0000029d89f408a0]
Event: 1.735 Thread 0x0000029de6797b10 nmethod 3225 0x0000029d89f40908 code [0x0000029d89f40aa0, 0x0000029d89f410b8]
Event: 1.735 Thread 0x0000029de610b150 nmethod 3227 0x0000029d89f41108 code [0x0000029d89f41280, 0x0000029d89f41910]
Event: 1.735 Thread 0x0000029de610b150 3229       1       java.lang.invoke.MethodHandleNatives::isPullModeBSM (2 bytes)
Event: 1.735 Thread 0x0000029de603bf30 nmethod 3228 0x0000029d89f41988 code [0x0000029d89f41ae0, 0x0000029d89f41fd8]
Event: 1.735 Thread 0x0000029de610b150 nmethod 3229 0x0000029d916fa808 code [0x0000029d916fa920, 0x0000029d916fa9c8]
Event: 1.735 Thread 0x0000029de610b150 3230       3       java.lang.invoke.ConstantCallSite::getTarget (20 bytes)
Event: 1.735 Thread 0x0000029de610b150 nmethod 3230 0x0000029d89f42088 code [0x0000029d89f421c0, 0x0000029d89f423e0]
Event: 1.738 Thread 0x0000029de7182830 3231       4       java.util.Arrays::copyOf (33 bytes)
Event: 1.740 Thread 0x0000029de7182830 nmethod 3231 0x0000029d916fab08 code [0x0000029d916fac20, 0x0000029d916fb000]
Event: 1.744 Thread 0x0000029de6797b10 3232       3       java.lang.Module::implIsExportedOrOpen (92 bytes)
Event: 1.745 Thread 0x0000029de6797b10 nmethod 3232 0x0000029d89f42408 code [0x0000029d89f425c0, 0x0000029d89f42ca0]
Event: 1.745 Thread 0x0000029de6797b10 3233       3       java.lang.Character::isLowSurrogate (18 bytes)
Event: 1.745 Thread 0x0000029de6797b10 nmethod 3233 0x0000029d89f42d08 code [0x0000029d89f42e20, 0x0000029d89f42f90]
Event: 1.747 Thread 0x0000029de610b150 3234       3       com.google.inject.internal.BindingImpl::getProvider (44 bytes)
Event: 1.747 Thread 0x0000029de6797b10 3235       1       com.google.inject.internal.InternalContext::getDependency (5 bytes)
Event: 1.747 Thread 0x0000029de6797b10 nmethod 3235 0x0000029d916fb088 code [0x0000029d916fb1a0, 0x0000029d916fb270]
Event: 1.748 Thread 0x0000029de610b150 nmethod 3234 0x0000029d89f43008 code [0x0000029d89f43160, 0x0000029d89f43480]
Event: 1.748 Thread 0x0000029de610b150 3236       3       com.google.inject.internal.Scoping$4::acceptVisitor (10 bytes)
Event: 1.748 Thread 0x0000029de610b150 nmethod 3236 0x0000029d89f43508 code [0x0000029d89f43640, 0x0000029d89f43828]

GC Heap History (4 events):
Event: 0.635 GC heap before
{Heap before GC invocations=0 (full 0):
 garbage-first heap   total reserved 4110336K, committed 258048K, used 24576K [0x0000000705200000, 0x0000000800000000)
  region size 2048K, 12 young (24576K), 0 survivors (0K)
 Metaspace       used 6025K, committed 6208K, reserved 1114112K
  class space    used 721K, committed 832K, reserved 1048576K
}
Event: 0.639 GC heap after
{Heap after GC invocations=1 (full 0):
 garbage-first heap   total reserved 4110336K, committed 258048K, used 4096K [0x0000000705200000, 0x0000000800000000)
  region size 2048K, 2 young (4096K), 2 survivors (4096K)
 Metaspace       used 6025K, committed 6208K, reserved 1114112K
  class space    used 721K, committed 832K, reserved 1048576K
}
Event: 1.058 GC heap before
{Heap before GC invocations=1 (full 0):
 garbage-first heap   total reserved 4110336K, committed 258048K, used 24576K [0x0000000705200000, 0x0000000800000000)
  region size 2048K, 13 young (26624K), 2 survivors (4096K)
 Metaspace       used 8560K, committed 8768K, reserved 1114112K
  class space    used 1011K, committed 1152K, reserved 1048576K
}
Event: 1.061 GC heap after
{Heap after GC invocations=2 (full 0):
 garbage-first heap   total reserved 4110336K, committed 258048K, used 5044K [0x0000000705200000, 0x0000000800000000)
  region size 2048K, 1 young (2048K), 1 survivors (2048K)
 Metaspace       used 8560K, committed 8768K, reserved 1114112K
  class space    used 1011K, committed 1152K, reserved 1048576K
}

Dll operation events (8 events):
Event: 0.007 Loaded shared library C:\Program Files\Java\jdk-23\bin\java.dll
Event: 0.036 Loaded shared library C:\Program Files\Java\jdk-23\bin\jsvml.dll
Event: 0.051 Loaded shared library C:\Program Files\Java\jdk-23\bin\net.dll
Event: 0.052 Loaded shared library C:\Program Files\Java\jdk-23\bin\nio.dll
Event: 0.055 Loaded shared library C:\Program Files\Java\jdk-23\bin\zip.dll
Event: 0.179 Loaded shared library C:\Program Files\Java\jdk-23\bin\jimage.dll
Event: 0.188 Loaded shared library C:\Program Files\NetBeans-22\netbeans\java\maven\lib\jansi-native\Windows\x86_64\jansi.dll
Event: 0.198 Loaded shared library C:\Program Files\Java\jdk-23\bin\verify.dll

Deoptimization events (20 events):
Event: 1.686 Thread 0x0000029dfeae9c00 DEOPT PACKING pc=0x0000029d916f3510 sp=0x000000f8a9bfdb70
Event: 1.686 Thread 0x0000029dfeae9c00 DEOPT UNPACKING pc=0x0000029d90f24402 sp=0x000000f8a9bfdb30 mode 2
Event: 1.699 Thread 0x0000029dfeae9c00 Uncommon trap: trap_request=0xffffff45 fr.pc=0x0000029d9168c480 relative=0x0000000000001fe0
Event: 1.699 Thread 0x0000029dfeae9c00 Uncommon trap: reason=unstable_if action=reinterpret pc=0x0000029d9168c480 method=sun.nio.cs.StreamDecoder.implRead([CII)I @ 36 c2
Event: 1.699 Thread 0x0000029dfeae9c00 DEOPT PACKING pc=0x0000029d9168c480 sp=0x000000f8a9bfe710
Event: 1.699 Thread 0x0000029dfeae9c00 DEOPT UNPACKING pc=0x0000029d90f24402 sp=0x000000f8a9bfe518 mode 2
Event: 1.699 Thread 0x0000029dfeae9c00 Uncommon trap: trap_request=0xffffff45 fr.pc=0x0000029d9167ac64 relative=0x0000000000001e44
Event: 1.699 Thread 0x0000029dfeae9c00 Uncommon trap: reason=unstable_if action=reinterpret pc=0x0000029d9167ac64 method=sun.nio.cs.StreamDecoder.implRead([CII)I @ 36 c2
Event: 1.699 Thread 0x0000029dfeae9c00 DEOPT PACKING pc=0x0000029d9167ac64 sp=0x000000f8a9bfe7f0
Event: 1.700 Thread 0x0000029dfeae9c00 DEOPT UNPACKING pc=0x0000029d90f24402 sp=0x000000f8a9bfe660 mode 2
Event: 1.700 Thread 0x0000029dfeae9c00 Uncommon trap: trap_request=0x000000e1 fr.pc=0x0000029d91664bf4 relative=0x00000000000000d4
Event: 1.700 Thread 0x0000029dfeae9c00 Uncommon trap: reason=unloaded action=reinterpret pc=0x0000029d91664bf4 method=org.codehaus.plexus.util.xml.pull.MXParser.more()C @ 22 c2
Event: 1.700 Thread 0x0000029dfeae9c00 DEOPT PACKING pc=0x0000029d91664bf4 sp=0x000000f8a9bfe9f0
Event: 1.700 Thread 0x0000029dfeae9c00 DEOPT UNPACKING pc=0x0000029d90f24402 sp=0x000000f8a9bfe990 mode 2
Event: 1.712 Thread 0x0000029dfeae9c00 Uncommon trap: trap_request=0xffffff45 fr.pc=0x0000029d91674824 relative=0x0000000000001f84
Event: 1.712 Thread 0x0000029dfeae9c00 Uncommon trap: reason=unstable_if action=reinterpret pc=0x0000029d91674824 method=sun.nio.cs.StreamDecoder.implRead([CII)I @ 36 c2
Event: 1.712 Thread 0x0000029dfeae9c00 DEOPT PACKING pc=0x0000029d91674824 sp=0x000000f8a9bfe7d0
Event: 1.712 Thread 0x0000029dfeae9c00 DEOPT UNPACKING pc=0x0000029d90f24402 sp=0x000000f8a9bfe6b8 mode 2
Event: 1.743 Thread 0x0000029dfeae9c00 DEOPT PACKING pc=0x0000029d89ca0a94 sp=0x000000f8a9bfe7b0
Event: 1.743 Thread 0x0000029dfeae9c00 DEOPT UNPACKING pc=0x0000029d90f24b22 sp=0x000000f8a9bfdc78 mode 0

Classes loaded (20 events):
Event: 1.742 Loading class java/net/URL$ThreadTrackHolder
Event: 1.742 Loading class java/net/URL$ThreadTrackHolder done
Event: 1.742 Loading class jdk/internal/misc/ThreadTracker
Event: 1.742 Loading class jdk/internal/misc/ThreadTracker done
Event: 1.742 Loading class jdk/internal/misc/ThreadTracker$ThreadRef
Event: 1.742 Loading class jdk/internal/misc/ThreadTracker$ThreadRef done
Event: 1.742 Loading class java/net/URL$2
Event: 1.742 Loading class java/net/URL$2 done
Event: 1.742 Loading class java/net/URL$1
Event: 1.742 Loading class java/net/URL$1 done
Event: 1.742 Loading class java/net/spi/URLStreamHandlerProvider
Event: 1.742 Loading class java/net/spi/URLStreamHandlerProvider done
Event: 1.743 Loading class sun/net/www/protocol/https/Handler
Event: 1.743 Loading class sun/net/www/protocol/http/Handler
Event: 1.743 Loading class sun/net/www/protocol/http/Handler done
Event: 1.743 Loading class sun/net/www/protocol/https/Handler done
Event: 1.745 Loading class java/util/regex/Pattern$Pos
Event: 1.745 Loading class java/util/regex/Pattern$Pos done
Event: 1.748 Loading class java/util/ArrayList$SubList$1
Event: 1.748 Loading class java/util/ArrayList$SubList$1 done

Classes unloaded (0 events):
No events

Classes redefined (0 events):
No events

Internal exceptions (20 events):
Event: 0.431 Thread 0x0000029dfeae9c00 Exception <a 'java/lang/NoSuchMethodError'{0x0000000713e2f780}: 'void java.lang.invoke.DirectMethodHandle$Holder.invokeSpecial(java.lang.Object, java.lang.Object, java.lang.Object)'> (0x0000000713e2f780) 
thrown [s\open\src\hotspot\share\interpreter\linkResolver.cpp, line 796]
Event: 0.454 Thread 0x0000029dfeae9c00 Exception <a 'java/lang/NoSuchMethodError'{0x0000000713f70b98}: 'java.lang.Object java.lang.invoke.DirectMethodHandle$Holder.invokeInterface(java.lang.Object, java.lang.Object)'> (0x0000000713f70b98) 
thrown [s\open\src\hotspot\share\interpreter\linkResolver.cpp, line 796]
Event: 0.466 Thread 0x0000029dfeae9c00 Exception <a 'java/lang/NoSuchMethodError'{0x0000000713c03540}: 'int java.lang.invoke.DirectMethodHandle$Holder.invokeStatic(java.lang.Object, java.lang.Object, java.lang.Object, java.lang.Object)'> (0x0000000713c03540) 
thrown [s\open\src\hotspot\share\interpreter\linkResolver.cpp, line 796]
Event: 0.467 Thread 0x0000029dfeae9c00 Exception <a 'java/lang/NoSuchMethodError'{0x0000000713c11ed0}: 'int java.lang.invoke.DirectMethodHandle$Holder.invokeSpecialIFC(java.lang.Object, java.lang.Object, java.lang.Object, java.lang.Object, java.lang.Object)'> (0x0000000713c11ed0) 
thrown [s\open\src\hotspot\share\interpreter\linkResolver.cpp, line 796]
Event: 0.514 Thread 0x0000029dfeae9c00 Exception <a 'java/lang/NoSuchMethodError'{0x0000000713d974d8}: 'void java.lang.invoke.DirectMethodHandle$Holder.invokeStatic(java.lang.Object, int, java.lang.Object)'> (0x0000000713d974d8) 
thrown [s\open\src\hotspot\share\interpreter\linkResolver.cpp, line 796]
Event: 0.564 Thread 0x0000029dfeae9c00 Exception <a 'java/lang/NoSuchMethodError'{0x0000000713afa6a8}: 'int java.lang.invoke.DirectMethodHandle$Holder.invokeStaticInit(java.lang.Object, java.lang.Object)'> (0x0000000713afa6a8) 
thrown [s\open\src\hotspot\share\interpreter\linkResolver.cpp, line 796]
Event: 0.575 Thread 0x0000029dfeae9c00 Exception <a 'java/lang/NoClassDefFoundError'{0x0000000713b2e7e0}: javax/enterprise/inject/Typed> (0x0000000713b2e7e0) 
thrown [s\open\src\hotspot\share\classfile\systemDictionary.cpp, line 302]
Event: 1.279 Thread 0x0000029dfeae9c00 Exception <a 'java/lang/NoSuchMethodError'{0x0000000714017338}: 'void java.lang.invoke.DirectMethodHandle$Holder.invokeStaticInit(java.lang.Object, java.lang.Object, java.lang.Object)'> (0x0000000714017338) 
thrown [s\open\src\hotspot\share\interpreter\linkResolver.cpp, line 796]
Event: 1.286 Thread 0x0000029dfeae9c00 Exception <a 'java/lang/ExceptionInInitializerError'{0x00000007140400a8}> (0x00000007140400a8) 
thrown [s\open\src\hotspot\share\oops\instanceKlass.cpp, line 1236]
Event: 1.326 Thread 0x0000029dfeae9c00 Exception <a 'java/lang/NoSuchMethodError'{0x0000000714150688}: 'long java.lang.invoke.DirectMethodHandle$Holder.invokeStatic(java.lang.Object, java.lang.Object, int)'> (0x0000000714150688) 
thrown [s\open\src\hotspot\share\interpreter\linkResolver.cpp, line 796]
Event: 1.329 Thread 0x0000029dfeae9c00 Exception <a 'java/lang/NoSuchMethodError'{0x0000000714163c58}: 'java.lang.Object java.lang.invoke.DirectMethodHandle$Holder.invokeStatic(java.lang.Object, java.lang.Object, java.lang.Object, java.lang.Object, int)'> (0x0000000714163c58) 
thrown [s\open\src\hotspot\share\interpreter\linkResolver.cpp, line 796]
Event: 1.332 Thread 0x0000029dfeae9c00 Exception <a 'java/lang/NoSuchMethodError'{0x000000071416c0b0}: 'java.lang.Object java.lang.invoke.DirectMethodHandle$Holder.invokeSpecial(java.lang.Object, java.lang.Object, java.lang.Object, java.lang.Object, long)'> (0x000000071416c0b0) 
thrown [s\open\src\hotspot\share\interpreter\linkResolver.cpp, line 796]
Event: 1.334 Thread 0x0000029dfeae9c00 Exception <a 'java/lang/NoSuchMethodError'{0x0000000714177c40}: 'java.lang.Object java.lang.invoke.DirectMethodHandle$Holder.invokeSpecial(java.lang.Object, java.lang.Object, java.lang.Object, int, java.lang.Object)'> (0x0000000714177c40) 
thrown [s\open\src\hotspot\share\interpreter\linkResolver.cpp, line 796]
Event: 1.341 Thread 0x0000029dfeae9c00 Implicit null exception at 0x0000029d9169ebbd to 0x0000029d9169ed4c
Event: 1.343 Thread 0x0000029dfeae9c00 Exception <a 'java/lang/NoSuchMethodError'{0x00000007141a0720}: 'java.lang.Object java.lang.invoke.Invokers$Holder.invokeExact_MT(java.lang.Object, int, java.lang.Object)'> (0x00000007141a0720) 
thrown [s\open\src\hotspot\share\interpreter\linkResolver.cpp, line 796]
Event: 1.354 Thread 0x0000029dfeae9c00 Exception <a 'java/lang/NoSuchMethodError'{0x0000000713e16e90}: 'void java.lang.invoke.DirectMethodHandle$Holder.invokeStatic(java.lang.Object, java.lang.Object)'> (0x0000000713e16e90) 
thrown [s\open\src\hotspot\share\interpreter\linkResolver.cpp, line 796]
Event: 1.528 Thread 0x0000029dfeae9c00 Exception <a 'java/lang/NoSuchMethodError'{0x00000007139b28e8}: 'void java.lang.invoke.Invokers$Holder.invokeExact_MT(java.lang.Object, java.lang.Object, java.lang.Object, java.lang.Object)'> (0x00000007139b28e8) 
thrown [s\open\src\hotspot\share\interpreter\linkResolver.cpp, line 796]
Event: 1.545 Thread 0x0000029dfeae9c00 Exception <a 'java/lang/NoClassDefFoundError'{0x000000071343cee0}: com/google/inject/servlet/ServletModuleTargetVisitor> (0x000000071343cee0) 
thrown [s\open\src\hotspot\share\classfile\systemDictionary.cpp, line 302]
Event: 1.624 Thread 0x0000029dfeae9c00 Exception <a 'java/lang/NoSuchMethodError'{0x00000007132f8b90}: 'void java.lang.invoke.DirectMethodHandle$Holder.invokeVirtual(java.lang.Object, java.lang.Object)'> (0x00000007132f8b90) 
thrown [s\open\src\hotspot\share\interpreter\linkResolver.cpp, line 796]
Event: 1.656 Thread 0x0000029dfeae9c00 Exception <a 'java/lang/NoSuchMethodError'{0x0000000713386ff8}: 'java.lang.Object java.lang.invoke.DirectMethodHandle$Holder.invokeStaticInit(java.lang.Object, int, int, int, int)'> (0x0000000713386ff8) 
thrown [s\open\src\hotspot\share\interpreter\linkResolver.cpp, line 796]

VM Operations (20 events):
Event: 1.301 Executing VM operation: HandshakeAllThreads (Deoptimize)
Event: 1.301 Executing VM operation: HandshakeAllThreads (Deoptimize) done
Event: 1.379 Executing VM operation: HandshakeAllThreads (Deoptimize)
Event: 1.379 Executing VM operation: HandshakeAllThreads (Deoptimize) done
Event: 1.380 Executing VM operation: HandshakeAllThreads (Deoptimize)
Event: 1.380 Executing VM operation: HandshakeAllThreads (Deoptimize) done
Event: 1.428 Executing VM operation: HandshakeAllThreads (Deoptimize)
Event: 1.428 Executing VM operation: HandshakeAllThreads (Deoptimize) done
Event: 1.523 Executing VM operation: HandshakeAllThreads (Deoptimize)
Event: 1.523 Executing VM operation: HandshakeAllThreads (Deoptimize) done
Event: 1.633 Executing VM operation: HandshakeAllThreads (Deoptimize)
Event: 1.633 Executing VM operation: HandshakeAllThreads (Deoptimize) done
Event: 1.667 Executing VM operation: HandshakeAllThreads (Deoptimize)
Event: 1.667 Executing VM operation: HandshakeAllThreads (Deoptimize) done
Event: 1.700 Executing VM operation: HandshakeAllThreads (Deoptimize)
Event: 1.700 Executing VM operation: HandshakeAllThreads (Deoptimize) done
Event: 1.742 Executing VM operation: HandshakeAllThreads (Deoptimize)
Event: 1.743 Executing VM operation: HandshakeAllThreads (Deoptimize) done
Event: 1.743 Executing VM operation: HandshakeAllThreads (Deoptimize)
Event: 1.743 Executing VM operation: HandshakeAllThreads (Deoptimize) done

Memory protections (0 events):
No events

Nmethod flushes (0 events):
No events

Events (20 events):
Event: 0.033 Thread 0x0000029dfeae9c00 Thread added: 0x0000029de6000bf0
Event: 0.033 Thread 0x0000029dfeae9c00 Thread added: 0x0000029de6004a60
Event: 0.033 Thread 0x0000029dfeae9c00 Thread added: 0x0000029de60061e0
Event: 0.034 Thread 0x0000029dfeae9c00 Thread added: 0x0000029de6006c40
Event: 0.034 Thread 0x0000029dfeae9c00 Thread added: 0x0000029de6019720
Event: 0.034 Thread 0x0000029dfeae9c00 Thread added: 0x0000029de603bf30
Event: 0.038 Thread 0x0000029de603bf30 Thread added: 0x0000029de610b150
Event: 0.041 Thread 0x0000029de610b150 Thread added: 0x0000029de6118610
Event: 0.046 Thread 0x0000029dfeae9c00 Thread added: 0x0000029de6242700
Event: 0.048 Thread 0x0000029dfeae9c00 Thread added: 0x0000029de6245a00
Event: 0.294 Thread 0x0000029de610b150 Thread added: 0x0000029de6797b10
Event: 0.319 Thread 0x0000029de6797b10 Thread added: 0x0000029de680aaf0
Event: 0.353 Thread 0x0000029de6019720 Thread added: 0x0000029de684a4e0
Event: 0.599 Thread 0x0000029de610b150 Thread added: 0x0000029de7182830
Event: 0.599 Thread 0x0000029de610b150 Thread added: 0x0000029de7182ef0
Event: 0.599 Thread 0x0000029de610b150 Thread added: 0x0000029de71835b0
Event: 0.599 Thread 0x0000029de610b150 Thread added: 0x0000029de70ec610
Event: 0.599 Thread 0x0000029de610b150 Thread added: 0x0000029de70fd4f0
Event: 1.015 Thread 0x0000029de70fd4f0 Thread exited: 0x0000029de70fd4f0
Event: 1.616 Thread 0x0000029de70ec610 Thread exited: 0x0000029de70ec610


Dynamic libraries:
0x00007ff7b6a90000 - 0x00007ff7b6aa0000 	C:\Program Files\Java\jdk-23\bin\java.exe
0x00007ffcecda0000 - 0x00007ffced000000 	C:\WINDOWS\SYSTEM32\ntdll.dll
0x00007ffcec170000 - 0x00007ffcec237000 	C:\WINDOWS\System32\KERNEL32.DLL
0x00007ffcea1c0000 - 0x00007ffcea58a000 	C:\WINDOWS\System32\KERNELBASE.dll
0x00007ffcea650000 - 0x00007ffcea79b000 	C:\WINDOWS\System32\ucrtbase.dll
0x00007ffccd640000 - 0x00007ffccd65b000 	C:\Program Files\Java\jdk-23\bin\VCRUNTIME140.dll
0x00007ffcc6c70000 - 0x00007ffcc6c87000 	C:\Program Files\Java\jdk-23\bin\jli.dll
0x00007ffceade0000 - 0x00007ffceafac000 	C:\WINDOWS\System32\USER32.dll
0x00007ffcea0f0000 - 0x00007ffcea117000 	C:\WINDOWS\System32\win32u.dll
0x00007ffcc4250000 - 0x00007ffcc44e7000 	C:\WINDOWS\WinSxS\amd64_microsoft.windows.common-controls_6595b64144ccf1df_6.0.26100.3624_none_3e086962e3345f24\COMCTL32.dll
0x00007ffcec090000 - 0x00007ffcec0ba000 	C:\WINDOWS\System32\GDI32.dll
0x00007ffceccb0000 - 0x00007ffcecd59000 	C:\WINDOWS\System32\msvcrt.dll
0x00007ffcea9d0000 - 0x00007ffceab01000 	C:\WINDOWS\System32\gdi32full.dll
0x00007ffcea7a0000 - 0x00007ffcea843000 	C:\WINDOWS\System32\msvcp_win.dll
0x00007ffceb9b0000 - 0x00007ffceb9df000 	C:\WINDOWS\System32\IMM32.DLL
0x00007ffcd1920000 - 0x00007ffcd192c000 	C:\Program Files\Java\jdk-23\bin\vcruntime140_1.dll
0x00007ffcc0da0000 - 0x00007ffcc0e2e000 	C:\Program Files\Java\jdk-23\bin\msvcp140.dll
0x00007ffc46690000 - 0x00007ffc473df000 	C:\Program Files\Java\jdk-23\bin\server\jvm.dll
0x00007ffceafd0000 - 0x00007ffceb082000 	C:\WINDOWS\System32\ADVAPI32.dll
0x00007ffcec0c0000 - 0x00007ffcec166000 	C:\WINDOWS\System32\sechost.dll
0x00007ffceacc0000 - 0x00007ffceadd6000 	C:\WINDOWS\System32\RPCRT4.dll
0x00007ffcec240000 - 0x00007ffcec2b4000 	C:\WINDOWS\System32\WS2_32.dll
0x00007ffce8bf0000 - 0x00007ffce8c4e000 	C:\WINDOWS\SYSTEM32\POWRPROF.dll
0x00007ffcddc30000 - 0x00007ffcddc3b000 	C:\WINDOWS\SYSTEM32\VERSION.dll
0x00007ffcddbc0000 - 0x00007ffcddbf6000 	C:\WINDOWS\SYSTEM32\WINMM.dll
0x00007ffce8bd0000 - 0x00007ffce8be4000 	C:\WINDOWS\SYSTEM32\UMPDC.dll
0x00007ffce8eb0000 - 0x00007ffce8eca000 	C:\WINDOWS\SYSTEM32\kernel.appcore.dll
0x00007ffcd1610000 - 0x00007ffcd161a000 	C:\Program Files\Java\jdk-23\bin\jimage.dll
0x00007ffce7630000 - 0x00007ffce7871000 	C:\WINDOWS\SYSTEM32\DBGHELP.DLL
0x00007ffcec2c0000 - 0x00007ffcec642000 	C:\WINDOWS\System32\combase.dll
0x00007ffcec810000 - 0x00007ffcec8e6000 	C:\WINDOWS\System32\OLEAUT32.dll
0x00007ffcbd180000 - 0x00007ffcbd1b9000 	C:\WINDOWS\SYSTEM32\dbgcore.DLL
0x00007ffcea120000 - 0x00007ffcea1b9000 	C:\WINDOWS\System32\bcryptPrimitives.dll
0x00007ffcc3560000 - 0x00007ffcc357e000 	C:\Program Files\Java\jdk-23\bin\java.dll
0x00007ffcebef0000 - 0x00007ffcec086000 	C:\WINDOWS\System32\ole32.dll
0x00007ffceb180000 - 0x00007ffceb8a9000 	C:\WINDOWS\System32\SHELL32.dll
0x00007ffce9f80000 - 0x00007ffcea0e8000 	C:\WINDOWS\System32\wintypes.dll
0x00007ffce7c10000 - 0x00007ffce8462000 	C:\WINDOWS\SYSTEM32\windows.storage.dll
0x00007ffceb090000 - 0x00007ffceb17d000 	C:\WINDOWS\System32\SHCORE.dll
0x00007ffcebe80000 - 0x00007ffcebee4000 	C:\WINDOWS\System32\shlwapi.dll
0x00007ffce9e90000 - 0x00007ffce9ebf000 	C:\WINDOWS\SYSTEM32\profapi.dll
0x00007ffc9f3e0000 - 0x00007ffc9f4b7000 	C:\Program Files\Java\jdk-23\bin\jsvml.dll
0x00007ffcc5aa0000 - 0x00007ffcc5ab0000 	C:\Program Files\Java\jdk-23\bin\net.dll
0x00007ffce93d0000 - 0x00007ffce943a000 	C:\WINDOWS\system32\mswsock.dll
0x00007ffcc2740000 - 0x00007ffcc2756000 	C:\Program Files\Java\jdk-23\bin\nio.dll
0x00007ffcc2720000 - 0x00007ffcc2737000 	C:\Program Files\Java\jdk-23\bin\zip.dll
0x0000000069ac0000 - 0x0000000069ae4000 	C:\Program Files\NetBeans-22\netbeans\java\maven\lib\jansi-native\Windows\x86_64\jansi.dll
0x00007ffcc4dd0000 - 0x00007ffcc4de0000 	C:\Program Files\Java\jdk-23\bin\verify.dll

dbghelp: loaded successfully - version: 4.0.5 - missing functions: none
symbol engine: initialized successfully - sym options: 0x614 - pdb path: .;C:\Program Files\Java\jdk-23\bin;C:\WINDOWS\SYSTEM32;C:\WINDOWS\WinSxS\amd64_microsoft.windows.common-controls_6595b64144ccf1df_6.0.26100.3624_none_3e086962e3345f24;C:\Program Files\Java\jdk-23\bin\server;C:\Program Files\NetBeans-22\netbeans\java\maven\lib\jansi-native\Windows\x86_64

VM Arguments:
jvm_args: -Dclassworlds.conf=C:\Program Files\NetBeans-22\netbeans\java\maven\bin\m2.conf -Dmaven.home=C:\Program Files\NetBeans-22\netbeans\java\maven -Dlibrary.jansi.path=C:\Program Files\NetBeans-22\netbeans\java\maven\lib\jansi-native -Dmaven.multiModuleProjectDirectory=C:\Users\Sebas\OneDrive\Documents\NetBeansProjects\ESTRUCTURA_DATOS\Academic-Management-System 
java_command: org.codehaus.plexus.classworlds.launcher.Launcher -Dmaven.ext.class.path=C:\Program Files\NetBeans-22\netbeans\java\maven-nblib\netbeans-eventspy.jar --no-transfer-progress clean install
java_class_path (initial): C:\Program Files\NetBeans-22\netbeans\java\maven\boot\plexus-classworlds-2.7.0.jar
Launcher Type: SUN_STANDARD

[Global flags]
     intx CICompilerCount                          = 12                                        {product} {ergonomic}
     uint ConcGCThreads                            = 3                                         {product} {ergonomic}
     uint G1ConcRefinementThreads                  = 13                                        {product} {ergonomic}
   size_t G1HeapRegionSize                         = 2097152                                   {product} {ergonomic}
   size_t InitialHeapSize                          = 264241152                                 {product} {ergonomic}
   size_t MarkStackSize                            = 4194304                                   {product} {ergonomic}
   size_t MarkStackSizeMax                         = 536870912                                 {product} {ergonomic}
   size_t MaxHeapSize                              = 4208984064                                {product} {ergonomic}
   size_t MaxNewSize                               = 2524971008                                {product} {ergonomic}
   size_t MinHeapDeltaBytes                        = 2097152                                   {product} {ergonomic}
   size_t MinHeapSize                              = 8388608                                   {product} {ergonomic}
    uintx NonNMethodCodeHeapSize                   = 7602176                                {pd product} {ergonomic}
    uintx NonProfiledCodeHeapSize                  = 122093568                              {pd product} {ergonomic}
    uintx ProfiledCodeHeapSize                     = 121962496                              {pd product} {ergonomic}
    uintx ReservedCodeCacheSize                    = 251658240                              {pd product} {ergonomic}
     bool SegmentedCodeCache                       = true                                      {product} {ergonomic}
   size_t SoftMaxHeapSize                          = 4208984064                             {manageable} {ergonomic}
     bool UseCompressedOops                        = true                           {product lp64_product} {ergonomic}
     bool UseG1GC                                  = true                                      {product} {ergonomic}
     bool UseLargePagesIndividualAllocation        = false                                  {pd product} {ergonomic}

Logging:
Log output configuration:
 #0: stdout all=warning uptime,level,tags foldmultilines=false
 #1: stderr all=off uptime,level,tags foldmultilines=false

Environment Variables:
JAVA_HOME=C:\Program Files\Java\jdk-23
PATH=C:\Program Files\Common Files\Oracle\Java\javapath;"C:\Program Files\Eclipse Adoptium\jdk-21.0.3.9-hotspot\bin;C:\Users\Sebas\OneDrive\Escritorio\hhh\Wondershare Filmora9 (CPC)\python27.zip";C:\windows\system32;C:\windows;C:\windows\System32\Wbem;C:\windows\System32\WindowsPowerShell\v1.0\;C:\windows\System32\OpenSSH\;C:\Program Files (x86)\NVIDIA Corporation\PhysX\Common;C:\Program Files\HP\HP One Agent;C:\Program Files\Git\cmd;C:\Program Files (x86)\Microsoft SQL Server\160\Tools\Binn\;C:\Program Files\Microsoft SQL Server\160\Tools\Binn\;C:\Program Files\Microsoft SQL Server\Client SDK\ODBC\170\Tools\Binn\;C:\Program Files\Microsoft SQL Server\160\DTS\Binn\;C:\Program Files\Java\apache-maven-3.9.9\bin;C:\Program Files\NVIDIA Corporation\NVIDIA app\NvDLISR;C:\WINDOWS\system32;C:\WINDOWS;C:\WINDOWS\System32\Wbem;C:\WINDOWS\System32\WindowsPowerShell\v1.0\;C:\WINDOWS\System32\OpenSSH\;C:\Users\Sebas\AppData\Local\Programs\Python\Launcher\;C:\Users\Sebas\AppData\Local\Microsoft\WindowsApps;C:\Users\Sebas\AppData\Local\Programs\Microsoft VS Code\bin;C:\Program Files\Java\apache-maven-3.9.9\bin;C:\Users\Sebas\AppData\Local\Pandoc\;C:\Users\Sebas\AppData\Local\Programs\MiKTeX\miktex\bin\x64\;C:\ffmpeg\bin;C:\ffmpeg;
USERNAME=Sebas
OS=Windows_NT
PROCESSOR_IDENTIFIER=Intel64 Family 6 Model 154 Stepping 3, GenuineIntel
TMP=C:\Users\Sebas\AppData\Local\Temp
TEMP=C:\Users\Sebas\AppData\Local\Temp




Periodic native trim disabled

---------------  S Y S T E M  ---------------

OS:
 Windows 11 , 64 bit Build 26100 (10.0.26100.3775)
OS uptime: 13 days 21:10 hours
Hyper-V role detected

CPU: total 16 (initial active 16) (8 cores per cpu, 2 threads per core) family 6 model 154 stepping 3 microcode 0x434, cx8, cmov, fxsr, ht, mmx, 3dnowpref, sse, sse2, sse3, ssse3, sse4.1, sse4.2, popcnt, lzcnt, tsc, tscinvbit, avx, avx2, aes, erms, clmul, bmi1, bmi2, adx, sha, fma, vzeroupper, clflush, clflushopt, clwb, hv, serialize, rdtscp, rdpid, fsrm, gfni, f16c, cet_ibt, cet_ss
Processor Information for processor 0
  Max Mhz: 2300, Current Mhz: 2300, Mhz Limit: 2300
Processor Information for processor 1
  Max Mhz: 2300, Current Mhz: 1506, Mhz Limit: 2300
Processor Information for processor 2
  Max Mhz: 2300, Current Mhz: 1506, Mhz Limit: 2300
Processor Information for processor 3
  Max Mhz: 2300, Current Mhz: 2300, Mhz Limit: 2300
Processor Information for processor 4
  Max Mhz: 2300, Current Mhz: 1506, Mhz Limit: 2300
Processor Information for processor 5
  Max Mhz: 2300, Current Mhz: 2300, Mhz Limit: 2300
Processor Information for processor 6
  Max Mhz: 2300, Current Mhz: 2300, Mhz Limit: 2300
Processor Information for processor 7
  Max Mhz: 2300, Current Mhz: 1506, Mhz Limit: 2300
Processor Information for processor 8
  Max Mhz: 2300, Current Mhz: 2300, Mhz Limit: 2300
Processor Information for processor 9
  Max Mhz: 2300, Current Mhz: 2300, Mhz Limit: 2300
Processor Information for processor 10
  Max Mhz: 2300, Current Mhz: 2300, Mhz Limit: 2300
Processor Information for processor 11
  Max Mhz: 2300, Current Mhz: 2300, Mhz Limit: 2300
Processor Information for processor 12
  Max Mhz: 2300, Current Mhz: 1488, Mhz Limit: 2300
Processor Information for processor 13
  Max Mhz: 2300, Current Mhz: 1488, Mhz Limit: 2300
Processor Information for processor 14
  Max Mhz: 2300, Current Mhz: 1488, Mhz Limit: 2300
Processor Information for processor 15
  Max Mhz: 2300, Current Mhz: 1488, Mhz Limit: 2300

Memory: 4k page, system-wide physical 16051M (5100M free)
TotalPageFile size 20051M (AvailPageFile size 5M)
current process WorkingSet (physical memory assigned to process): 147M, peak: 147M
current process commit charge ("private bytes"): 416M, peak: 416M

vm_info: Java HotSpot(TM) 64-Bit Server VM (23.0.1+11-39) for windows-amd64 JRE (23.0.1+11-39), built on 2024-09-30T07:20:43Z with MS VC++ 17.6 (VS2022)

END.
